<component name="libraryTable">
  <library name="junit-platform-commons" type="repository">
    <properties maven-id="org.junit.platform:junit-platform-commons:1.5.0" />
    <CLASSES>
      <root url="jar://$MAVEN_REPOSITORY$/org/junit/platform/junit-platform-commons/1.5.0/junit-platform-commons-1.5.0.jar!/" />
      <root url="jar://$MAVEN_REPOSITORY$/org/apiguardian/apiguardian-api/1.1.0/apiguardian-api-1.1.0.jar!/" />
    </CLASSES>
    <JAVADOC>
      <root url="jar://$MAVEN_REPOSITORY$/org/junit/platform/junit-platform-commons/1.5.0/junit-platform-commons-1.5.0-javadoc.jar!/" />
      <root url="jar://$MAVEN_REPOSITORY$/org/apiguardian/apiguardian-api/1.1.0/apiguardian-api-1.1.0-javadoc.jar!/" />
    </JAVADOC>
    <SOURCES>
      <root url="jar://$MAVEN_REPOSITORY$/org/junit/platform/junit-platform-commons/1.5.0/junit-platform-commons-1.5.0-sources.jar!/" />
      <root url="jar://$MAVEN_REPOSITORY$/org/apiguardian/apiguardian-api/1.1.0/apiguardian-api-1.1.0-sources.jar!/" />
    </SOURCES>
  </library>
</component>